
[Setup run at 05:24:13 on 07/07/23]
Component Name: Visual Studio .NET Professional - English
	Version:		NA
	Installation Status:	Success
	Error Message:		NA

Component Name: Visual Studio .NET Professional
	Version:		NA
	Installation Status:	Success
	Error Message:		NA

Component Name: Language Tools
	Version:		NA
	Installation Status:	Success
	Error Message:		NA

Component Name: Visual C++ .NET
	Version:		NA
	Installation Status:	Success
	Error Message:		NA

Component Name: Visual C++ Run-Time Libraries
	Version:		NA
	Installation Status:	Success
	Error Message:		NA

Component Name: Visual C++ Static Multi-Threaded CRT Libraries
	Version:		NA
	Installation Status:	Success
	Error Message:		NA

Component Name: Visual C++ Dynamic CRT Libraries
	Version:		NA
	Installation Status:	Success
	Error Message:		NA

Component Name: Visual C++ CRT Source Code
	Version:		NA
	Installation Status:	Success
	Error Message:		NA

Component Name: Visual C++ Static Single-Threaded CRT Libraries
	Version:		NA
	Installation Status:	Success
	Error Message:		NA

Component Name: Visual C++ Class & Template Libraries
	Version:		NA
	Installation Status:	Success
	Error Message:		NA

Component Name: ATL MFC Static Libraries ANSI
	Version:		NA
	Installation Status:	Success
	Error Message:		NA

Component Name: ATL MFC Shared Libraries ANSI
	Version:		NA
	Installation Status:	Success
	Error Message:		NA

Component Name: ATL MFC Static Libraries Unicode
	Version:		NA
	Installation Status:	Success
	Error Message:		NA

Component Name: ATL MFC Shared Libraries Unicode
	Version:		NA
	Installation Status:	Success
	Error Message:		NA

Component Name: ATL MFC Source Code
	Version:		NA
	Installation Status:	Success
	Error Message:		NA

Component Name: Visual C++ Tools
	Version:		NA
	Installation Status:	Success
	Error Message:		NA

Component Name: Visual C++ Error Lookup
	Version:		NA
	Installation Status:	Success
	Error Message:		NA

Component Name: Win32 Platform SDK Tools
	Version:		NA
	Installation Status:	Success
	Error Message:		NA


